[2023-10-01 12:00:01] INFO: Sistema iniciado. Kernel versión 5.15.0-83-generic.
[2023-10-01 12:00:05] INFO: Servicio de red iniciado correctamente.
[2023-10-01 12:00:10] INFO: Dispositivo de almacenamiento /dev/sda1 montado en /mnt/data.
[2023-10-01 12:00:15] INFO: Servicio de base de datos MySQL iniciado.
[2023-10-01 12:00:20] INFO: Servicio de correo electrónico (Postfix) iniciado.
[2023-10-01 12:00:25] INFO: Servicio de autenticación (SSHD) iniciado en el puerto 22.
[2023-10-01 12:00:30] INFO: Servicio de monitoreo (Nagios) iniciado.
[2023-10-01 12:00:35] INFO: Servicio de respaldo (rsync) programado para las 02:00 AM.
[2023-10-01 12:00:40] INFO: Servicio de sincronización de tiempo (NTP) iniciado.
[2023-10-01 12:00:45] INFO: Servicio de firewall (UFW) iniciado.
[2023-10-01 12:00:50] INFO: Servicio de virtualización (Docker) iniciado.
[2023-10-01 12:00:55] INFO: Servicio de balanceo de carga (HAProxy) iniciado.
[2023-10-01 12:01:00] INFO: Servicio de caché (Redis) iniciado.
[2023-10-01 12:01:05] INFO: Servicio de colas (RabbitMQ) iniciado.
[2023-10-01 12:01:10] INFO: Servicio de análisis de logs (ELK Stack) iniciado.
[2023-10-01 12:01:15] INFO: Servicio de notificaciones (Slack Bot) iniciado.
[2023-10-01 12:01:20] INFO: Servicio de monitoreo de red (Zabbix) iniciado.
[2023-10-01 12:01:25] INFO: Servicio de autenticación LDAP iniciado.
[2023-10-01 12:01:30] INFO: Servicio de virtualización (KVM) iniciado.
[2023-10-01 12:01:35] INFO: Servicio de almacenamiento en la nube (Nextcloud) iniciado.
[2023-10-01 12:01:40] INFO: Servicio de gestión de contenedores (Kubernetes) iniciado.
[2023-10-01 12:01:45] INFO: Servicio de análisis de seguridad (OSSEC) iniciado.
[2023-10-01 12:01:50] INFO: Servicio de VPN (OpenVPN) iniciado.
[2023-10-01 12:01:55] INFO: Servicio de gestión de configuración (Ansible) iniciado.
[2023-10-01 12:02:00] INFO: Servicio de monitoreo de aplicaciones (New Relic) iniciado.
[2023-10-01 12:02:05] INFO: Servicio de gestión de logs (Graylog) iniciado.
[2023-10-01 12:02:10] INFO: Servicio de automatización (Jenkins) iniciado.
[2023-10-01 12:02:15] INFO: Servicio de gestión de proyectos (Jira) iniciado.
[2023-10-01 12:02:20] INFO: Servicio de colaboración (Confluence) iniciado.
[2023-10-01 12:02:25] INFO: Servicio de gestión de código (GitLab) iniciado.
[2023-10-01 12:02:30] INFO: Servicio de CI/CD (GitLab CI) iniciado.
[2023-10-01 12:02:35] INFO: Servicio de análisis de código (SonarQube) iniciado.
[2023-10-01 12:02:40] INFO: Servicio de gestión de dependencias (Nexus) iniciado.
[2023-10-01 12:02:45] INFO: Servicio de gestión de artefactos (Artifactory) iniciado.
[2023-10-01 12:02:50] INFO: Servicio de gestión de contenedores (Portainer) iniciado.
[2023-10-01 12:02:55] INFO: Servicio de gestión de clústeres (Rancher) iniciado.
[2023-10-01 12:03:00] INFO: Servicio de gestión de secretos (Vault) iniciado.
[2023-10-01 12:03:05] INFO: Servicio de gestión de políticas (OPA) iniciado.
[2023-10-01 12:03:10] INFO: Servicio de gestión de identidades (Keycloak) iniciado.
[2023-10-01 12:03:15] INFO: Servicio de gestión de API (Kong) iniciado.
[2023-10-01 12:03:20] INFO: Servicio de gestión de eventos (Kafka) iniciado.
[2023-10-01 12:03:25] INFO: Servicio de gestión de flujos de trabajo (Airflow) iniciado.
[2023-10-01 12:03:30] INFO: Servicio de gestión de datos (Apache NiFi) iniciado.
[2023-10-01 12:03:35] INFO: Servicio de gestión de big data (Hadoop) iniciado.
[2023-10-01 12:03:40] INFO: Servicio de análisis de datos (Spark) iniciado.
[2023-10-01 12:03:45] INFO: Servicio de almacenamiento distribuido (Ceph) iniciado.
[2023-10-01 12:03:50] INFO: Servicio de gestión de clústeres (Mesos) iniciado.
[2023-10-01 12:03:55] INFO: Servicio de gestión de contenedores (Nomad) iniciado.
[2023-10-01 12:04:00] INFO: Servicio de gestión de logs (Fluentd) iniciado.
[2023-10-01 12:04:05] INFO: Servicio de gestión de métricas (Prometheus) iniciado.
[2023-10-01 12:04:10] INFO: Servicio de visualización de datos (Grafana) iniciado.
[2023-10-01 12:04:15] INFO: Servicio de gestión de alertas (Alertmanager) iniciado.
[2023-10-01 12:04:20] INFO: Servicio de gestión de infraestructura (Terraform) iniciado.
[2023-10-01 12:04:25] INFO: Servicio de gestión de configuración (Puppet) iniciado.
[2023-10-01 12:04:30] INFO: Servicio de gestión de configuración (Chef) iniciado.
[2023-10-01 12:04:35] INFO: Servicio de gestión de configuración (SaltStack) iniciado.
[2023-10-01 12:04:40] INFO: Servicio de gestión de infraestructura (CloudFormation) iniciado.
[2023-10-01 12:04:45] INFO: Servicio de gestión de infraestructura (Pulumi) iniciado.
[2023-10-01 12:04:50] INFO: Servicio de gestión de infraestructura (Crossplane) iniciado.
[2023-10-01 12:04:55] INFO: Servicio de gestión de infraestructura (Kustomize) iniciado.
[2023-10-01 12:05:00] INFO: Servicio de gestión de infraestructura (Helm) iniciado.
[2023-10-01 12:05:05] INFO: Servicio de gestión de infraestructura (Kubeadm) iniciado.
[2023-10-01 12:05:10] INFO: Servicio de gestión de infraestructura (Kops) iniciado.
[2023-10-01 12:05:15] INFO: Servicio de gestión de infraestructura (RKE) iniciado.
[2023-10-01 12:05:20] INFO: Servicio de gestión de infraestructura (RKE2) iniciado.
[2023-10-01 12:05:25] INFO: Servicio de gestión de infraestructura (K3s) iniciado.
[2023-10-01 12:05:30] INFO: Servicio de gestión de infraestruct
