[2023-10-01 12:00:01] WARN: El uso de CPU en el servidor "web-01" ha superado el 85% durante los últimos 5 minutos. Se recomienda revisar los procesos activos y optimizar la carga. Considere escalar horizontalmente si el problema persiste.
[2023-10-01 12:00:10] WARN: El espacio en disco en "/var/log" está al 90% de su capacidad. Se recomienda limpiar archivos antiguos o ampliar el almacenamiento. De lo contrario, el sistema podría dejar de registrar eventos.
[2023-10-01 12:00:20] WARN: El servicio de base de datos MySQL ha rechazado 10 conexiones en los últimos 2 minutos debido a "Too many connections". Considere aumentar el límite de conexiones o optimizar las consultas.
[2023-10-01 12:00:30] WARN: El servicio de correo electrónico (Postfix) ha retrasado el envío de 15 correos debido a problemas de conectividad con el servidor SMTP. Revise la configuración de red y reintente.
[2023-10-01 12:00:40] WARN: El servicio de autenticación (SSHD) ha detectado 5 intentos fallidos de inicio de sesión desde la IP 203.0.113.45. Se recomienda revisar la seguridad y considerar bloquear la IP si continúan los intentos.
[2023-10-01 12:00:50] WARN: El servicio de monitoreo (Nagios) no ha recibido métricas del servidor "db-01" en los últimos 10 minutos. Verifique la conectividad y el estado del servidor.
[2023-10-01 12:01:00] WARN: El servicio de respaldo (rsync) ha tardado más de lo esperado en completar la copia de seguridad de "/var/www/html". Revise el rendimiento del sistema y la red.
[2023-10-01 12:01:10] WARN: El servicio de sincronización de tiempo (NTP) ha detectado una desviación de más de 500 ms en el reloj del servidor. Se recomienda ajustar la sincronización manualmente.
[2023-10-01 12:01:20] WARN: El servicio de firewall (UFW) ha bloqueado 20 conexiones no autorizadas en los últimos 5 minutos. Revise las reglas de firewall y los logs de seguridad para más detalles.
[2023-10-01 12:01:30] WARN: El servicio de virtualización (Docker) ha detectado que el contenedor "app-container" está utilizando más del 90% de la memoria asignada. Considere aumentar los recursos o optimizar la aplicación.
[2023-10-01 12:01:40] WARN: El servicio de balanceo de carga (HAProxy) ha marcado el servidor backend "web-server-1" como lento debido a tiempos de respuesta superiores a 2 segundos. Revise el rendimiento del servidor.
[2023-10-01 12:01:50] WARN: El servicio de caché (Redis) ha alcanzado el 85% de su capacidad de almacenamiento. Se recomienda limpiar datos antiguos o ampliar la memoria asignada.
[2023-10-01 12:02:00] WARN: El servicio de colas (RabbitMQ) ha detectado un retraso en el procesamiento de la cola "tasks". Revise los consumidores y la carga de trabajo.
[2023-10-01 12:02:10] WARN: El servicio de análisis de logs (ELK Stack) ha indexado menos logs de lo esperado en los últimos 15 minutos. Verifique la conectividad con las fuentes de logs.
[2023-10-01 12:02:20] WARN: El servicio de notificaciones (Slack Bot) ha fallado en enviar 3 mensajes debido a problemas de conectividad con la API de Slack. Revise la configuración de red.
[2023-10-01 12:02:30] WARN: El servicio de monitoreo de red (Zabbix) ha detectado un aumento inusual en el tráfico de red en la interfaz "eth0". Revise los dispositivos conectados y el tráfico generado.
[2023-10-01 12:02:40] WARN: El servicio de autenticación LDAP ha tardado más de lo esperado en responder a una solicitud de autenticación. Revise el rendimiento del servidor LDAP.
[2023-10-01 12:02:50] WARN: El servicio de virtualización (KVM) ha detectado que la máquina virtual "VM-Web" está utilizando más del 90% de los recursos de CPU asignados. Considere optimizar la carga.
[2023-10-01 12:03:00] WARN: El servicio de almacenamiento en la nube (Nextcloud) ha detectado que el archivo "report.pdf" ha sido modificado por múltiples usuarios simultáneamente. Revise los bloqueos de archivos.
[2023-10-01 12:03:10] WARN: El servicio de gestión de contenedores (Kubernetes) ha detectado que el pod "app-pod" ha reiniciado 3 veces en los últimos 10 minutos. Revise los logs del contenedor para más detalles.
